<?xml version="1.0" encoding="UTF-8"?>
<testsuite name="tests.demoqaTests" tests="1" skipped="0" failures="0" errors="0" timestamp="2021-06-03T17:13:07" hostname="0300NBC00106051" time="10.292">
  <properties/>
  <testcase name="succesfulSubmitFormTest()" classname="tests.demoqaTests" time="10.292"/>
  <system-out><![CDATA[]]></system-out>
  <system-err><![CDATA[[Test worker] INFO com.codeborne.selenide.impl.WebDriverThreadLocalContainer - No webdriver is bound to current thread: 12 - let's create a new webdriver
[Test worker] INFO com.codeborne.selenide.impl.FileHelper - Creating folder: C:\Users\KVFEDOT4\IdeaProjects\secret\build\downloads\1622740387134_12900_12
[Test worker] INFO io.github.bonigarcia.wdm.WebDriverManager - Using chromedriver 91.0.4472.19 (resolved driver for Chrome 91)
[Test worker] INFO io.github.bonigarcia.wdm.WebDriverManager - Exporting webdriver.chrome.driver as C:\Users\KVFEDOT4\.cache\selenium\chromedriver\win32\91.0.4472.19\chromedriver.exe
Starting ChromeDriver 91.0.4472.19 (1bf021f248676a0b2ab3ee0561d83a59e424c23e-refs/branch-heads/4472@{#288}) on port 47772
Only local connections are allowed.
Please see https://chromedriver.chromium.org/security-considerations for suggestions on keeping ChromeDriver safe.
ChromeDriver was started successfully.
июн 03, 2021 8:13:09 PM org.openqa.selenium.remote.ProtocolHandshake createSession
INFO: Detected dialect: W3C
[Test worker] INFO com.codeborne.selenide.webdriver.WebDriverFactory - BrowserName=chrome Version=91.0.4472.77 Platform=WINDOWS
[Test worker] INFO com.codeborne.selenide.webdriver.WebDriverFactory - Selenide v. 5.20.3
[Test worker] INFO com.codeborne.selenide.webdriver.WebDriverFactory - Selenium WebDriver v. 3.141.59 build time: 2018-11-14T08:17:03
[Test worker] INFO com.codeborne.selenide.drivercommands.CreateDriverCommand - Create webdriver in current thread 12: ChromeDriver -> ChromeDriver: chrome on WINDOWS (63b0e1ce637e7e3f00d4cc6e348a7ba7)
]]></system-err>
</testsuite>
